<?xml version="1.0" encoding="UTF-8"?>
<!-- Generated by org.testng.reporters.JUnitReportReporter -->
<testsuite hostname="CBT-LAB-028" name="P1.New" tests="1" failures="0" timestamp="4 Feb 2018 05:17:52 GMT" time="11.903" errors="0">
  <testcase name="launch" time="11.903" classname="P1.New"/>
</testsuite> <!-- P1.New -->
