<?xml version="1.0" encoding="UTF-8"?>
<!-- Generated by org.testng.reporters.JUnitReportReporter -->
<testsuite name="P1.New" tests="1" time="12.525" ignored="0" failures="0" timestamp="04 Feb 2018 05:18:38 GMT" skipped="0" hostname="CBT-LAB-028" errors="0">
  <testcase name="launch" time="12.525" classname="P1.New"/>
</testsuite> <!-- P1.New -->
